Generated at 2017-07-06 15:36:34 -0400
Chef::Exceptions::NoSuchResourceType: Cannot find a resource for fmw_jdk_jdk on windows version 10.0.14393
C:/opscode/chefdk/embedded/lib/ruby/gems/2.3.0/gems/chef-12.19.36-universal-mingw32/lib/chef/resource.rb:1557:in `resource_for_node'
C:/opscode/chefdk/embedded/lib/ruby/gems/2.3.0/gems/chef-12.19.36-universal-mingw32/lib/chef/resource_builder.rb:103:in `resource_class'
C:/opscode/chefdk/embedded/lib/ruby/gems/2.3.0/gems/chef-12.19.36-universal-mingw32/lib/chef/resource_builder.rb:48:in `build'
C:/opscode/chefdk/embedded/lib/ruby/gems/2.3.0/gems/chef-12.19.36-universal-mingw32/lib/chef/dsl/declare_resource.rb:291:in `build_resource'
C:/opscode/chefdk/embedded/lib/ruby/gems/2.3.0/gems/chef-12.19.36-universal-mingw32/lib/chef/dsl/declare_resource.rb:248:in `declare_resource'
C:/opscode/chefdk/embedded/lib/ruby/gems/2.3.0/gems/chef-12.19.36-universal-mingw32/lib/chef/dsl/resources.rb:39:in `fmw_jdk_jdk'
c:/users/haimozhang/chefautomate/sample-chef/cookbooks/fmw_jdk/attributes/local-mode-cache/cache/cookbooks/fmw_jdk/recipes/install.rb:66:in `from_file'
C:/opscode/chefdk/embedded/lib/ruby/gems/2.3.0/gems/chef-12.19.36-universal-mingw32/lib/chef/mixin/from_file.rb:30:in `instance_eval'
C:/opscode/chefdk/embedded/lib/ruby/gems/2.3.0/gems/chef-12.19.36-universal-mingw32/lib/chef/mixin/from_file.rb:30:in `from_file'
C:/opscode/chefdk/embedded/lib/ruby/gems/2.3.0/gems/chef-12.19.36-universal-mingw32/lib/chef/cookbook_version.rb:233:in `load_recipe'
C:/opscode/chefdk/embedded/lib/ruby/gems/2.3.0/gems/chef-12.19.36-universal-mingw32/lib/chef/run_context.rb:338:in `load_recipe'
C:/opscode/chefdk/embedded/lib/ruby/gems/2.3.0/gems/chef-12.19.36-universal-mingw32/lib/chef/run_context/cookbook_compiler.rb:141:in `block in compile_recipes'
C:/opscode/chefdk/embedded/lib/ruby/gems/2.3.0/gems/chef-12.19.36-universal-mingw32/lib/chef/run_context/cookbook_compiler.rb:138:in `each'
C:/opscode/chefdk/embedded/lib/ruby/gems/2.3.0/gems/chef-12.19.36-universal-mingw32/lib/chef/run_context/cookbook_compiler.rb:138:in `compile_recipes'
C:/opscode/chefdk/embedded/lib/ruby/gems/2.3.0/gems/chef-12.19.36-universal-mingw32/lib/chef/run_context/cookbook_compiler.rb:75:in `compile'
C:/opscode/chefdk/embedded/lib/ruby/gems/2.3.0/gems/chef-12.19.36-universal-mingw32/lib/chef/run_context.rb:187:in `load'
C:/opscode/chefdk/embedded/lib/ruby/gems/2.3.0/gems/chef-12.19.36-universal-mingw32/lib/chef/policy_builder/expand_node_object.rb:97:in `setup_run_context'
C:/opscode/chefdk/embedded/lib/ruby/gems/2.3.0/gems/chef-12.19.36-universal-mingw32/lib/chef/client.rb:511:in `setup_run_context'
C:/opscode/chefdk/embedded/lib/ruby/gems/2.3.0/gems/chef-12.19.36-universal-mingw32/lib/chef/client.rb:281:in `run'
C:/opscode/chefdk/embedded/lib/ruby/gems/2.3.0/gems/chef-12.19.36-universal-mingw32/lib/chef/application.rb:277:in `run_with_graceful_exit_option'
C:/opscode/chefdk/embedded/lib/ruby/gems/2.3.0/gems/chef-12.19.36-universal-mingw32/lib/chef/application.rb:253:in `block in run_chef_client'
C:/opscode/chefdk/embedded/lib/ruby/gems/2.3.0/gems/chef-12.19.36-universal-mingw32/lib/chef/local_mode.rb:44:in `with_server_connectivity'
C:/opscode/chefdk/embedded/lib/ruby/gems/2.3.0/gems/chef-12.19.36-universal-mingw32/lib/chef/application.rb:236:in `run_chef_client'
C:/opscode/chefdk/embedded/lib/ruby/gems/2.3.0/gems/chef-12.19.36-universal-mingw32/lib/chef/application/client.rb:464:in `sleep_then_run_chef_client'
C:/opscode/chefdk/embedded/lib/ruby/gems/2.3.0/gems/chef-12.19.36-universal-mingw32/lib/chef/application/client.rb:451:in `block in interval_run_chef_client'
C:/opscode/chefdk/embedded/lib/ruby/gems/2.3.0/gems/chef-12.19.36-universal-mingw32/lib/chef/application/client.rb:450:in `loop'
C:/opscode/chefdk/embedded/lib/ruby/gems/2.3.0/gems/chef-12.19.36-universal-mingw32/lib/chef/application/client.rb:450:in `interval_run_chef_client'
C:/opscode/chefdk/embedded/lib/ruby/gems/2.3.0/gems/chef-12.19.36-universal-mingw32/lib/chef/application/client.rb:434:in `run_application'
C:/opscode/chefdk/embedded/lib/ruby/gems/2.3.0/gems/chef-12.19.36-universal-mingw32/lib/chef/application.rb:59:in `run'
C:/opscode/chefdk/embedded/lib/ruby/gems/2.3.0/gems/chef-12.19.36-universal-mingw32/bin/chef-client:26:in `<top (required)>'
C:/opscode/chefdk/bin/chef-client:68:in `load'
C:/opscode/chefdk/bin/chef-client:68:in `<main>'